2022-02-16 20:05:49,566:INFO:PyCaret Supervised Module
2022-02-16 20:05:49,567:INFO:ML Usecase: regression
2022-02-16 20:05:49,567:INFO:version 2.2.2
2022-02-16 20:05:49,567:INFO:Initializing setup()
2022-02-16 20:05:49,567:INFO:setup(target=host_phenotype, ml_usecase=regression, available_plots={'parameter': 'Hyperparameters', 'residuals': 'Residuals', 'error': 'Prediction Error', 'cooks': 'Cooks Distance', 'rfe': 'Feature Selection', 'learning': 'Learning Curve', 'manifold': 'Manifold Learning', 'vc': 'Validation Curve', 'feature': 'Feature Importance', 'feature_all': 'Feature Importance (All)', 'tree': 'Decision Tree'}, train_size=0.7, test_data=None, preprocess=True, imputation_type=simple, iterative_imputation_iters=5, categorical_features=None, categorical_imputation=constant, categorical_iterative_imputer=lightgbm, ordinal_features=None, high_cardinality_features=None, high_cardinality_method=frequency, numeric_features=None, numeric_imputation=mean, numeric_iterative_imputer=lightgbm, date_features=None, ignore_features=None, normalize=False, normalize_method=zscore, transformation=False, transformation_method=yeo-johnson, handle_unknown_categorical=True, unknown_categorical_method=least_frequent, pca=False, pca_method=linear, pca_components=None, ignore_low_variance=False, combine_rare_levels=False, rare_level_threshold=0.1, bin_numeric_features=None, remove_outliers=False, outliers_threshold=0.05, remove_multicollinearity=False, multicollinearity_threshold=0.9, remove_perfect_collinearity=True, create_clusters=False, cluster_iter=20, polynomial_features=False, polynomial_degree=2, trigonometry_features=False, polynomial_threshold=0.1, group_features=None, group_names=None, feature_selection=False, feature_selection_threshold=0.8, feature_selection_method=classic, feature_interaction=False, feature_ratio=False, interaction_threshold=0.01, fix_imbalance=False, fix_imbalance_method=None, transform_target=False, transform_target_method=box-cox, data_split_shuffle=True, data_split_stratify=False, fold_strategy=kfold, fold=10, fold_shuffle=False, fold_groups=None, n_jobs=-1, use_gpu=False, custom_pipeline=None, html=True, session_id=None, log_experiment=False, experiment_name=None, log_plots=False, log_profile=False, log_data=False, silent=False, verbose=True, profile=False, profile_kwargs=None, display=None)
2022-02-16 20:05:49,567:INFO:Checking environment
2022-02-16 20:05:49,568:INFO:python_version: 3.9.10
2022-02-16 20:05:49,568:INFO:python_build: ('main', 'Jan 15 2022 11:48:04')
2022-02-16 20:05:49,568:INFO:machine: x86_64
2022-02-16 20:05:49,625:INFO:platform: macOS-12.0.1-x86_64-i386-64bit
2022-02-16 20:05:49,630:WARNING:cannot find psutil installation. memory not traceable. Install psutil using pip to enable memory logging.
2022-02-16 20:05:49,630:INFO:Checking libraries
2022-02-16 20:05:49,631:INFO:pd==1.4.1
2022-02-16 20:05:49,631:INFO:numpy==1.19.5
2022-02-16 20:05:49,631:INFO:sklearn==1.0.2
2022-02-16 20:05:49,896:INFO:xgboost==1.5.2
2022-02-16 20:05:49,896:INFO:lightgbm==3.3.2
2022-02-16 20:05:49,956:INFO:catboost==1.0.4
2022-02-16 20:05:50,752:INFO:mlflow==1.23.1
2022-02-16 20:05:50,752:INFO:Checking Exceptions
2022-02-16 20:05:50,754:INFO:Declaring global variables
2022-02-16 20:05:50,754:INFO:USI: 5e0e
2022-02-16 20:05:50,754:INFO:pycaret_globals: {'seed', '_internal_pipeline', 'gpu_param', 'logging_param', '_all_models_internal', 'fold_generator', 'fold_shuffle_param', '_gpu_n_jobs_param', 'fold_groups_param', 'y', 'stratify_param', 'iterative_imputation_iters_param', '_all_metrics', 'imputation_regressor', 'display_container', 'USI', '_all_models', 'n_jobs_param', 'target_param', 'transform_target_param', 'X', 'fix_imbalance_param', 'fix_imbalance_method_param', 'imputation_classifier', 'pycaret_globals', 'html_param', 'transform_target_method_param', '_available_plots', 'fold_param', 'log_plots_param', 'experiment__', '_ml_usecase', 'X_test', 'prep_pipe', 'data_before_preprocess', 'X_train', 'y_test', 'create_model_container', 'exp_name_log', 'master_model_container', 'y_train'}
2022-02-16 20:05:50,754:INFO:Preparing display monitor
2022-02-16 20:05:50,755:INFO:Preparing display monitor
2022-02-16 20:05:50,785:INFO:Importing libraries
2022-02-16 20:05:50,785:INFO:Copying data for preprocessing
2022-02-16 20:05:50,830:INFO:Declaring preprocessing parameters
2022-02-16 20:05:50,902:INFO:Creating preprocessing pipeline
2022-02-16 20:05:53,448:INFO:Preprocessing pipeline created successfully
2022-02-16 20:05:53,449:ERROR:(Process Exit): setup has been interupted with user command 'quit'. setup must rerun.
2022-02-16 20:05:53,449:INFO:Creating global containers
2022-02-16 20:06:36,603:INFO:PyCaret Supervised Module
2022-02-16 20:06:36,604:INFO:ML Usecase: regression
2022-02-16 20:06:36,604:INFO:version 2.2.2
2022-02-16 20:06:36,604:INFO:Initializing setup()
2022-02-16 20:06:36,604:INFO:setup(target=host_phenotype, ml_usecase=regression, available_plots={'parameter': 'Hyperparameters', 'residuals': 'Residuals', 'error': 'Prediction Error', 'cooks': 'Cooks Distance', 'rfe': 'Feature Selection', 'learning': 'Learning Curve', 'manifold': 'Manifold Learning', 'vc': 'Validation Curve', 'feature': 'Feature Importance', 'feature_all': 'Feature Importance (All)', 'tree': 'Decision Tree'}, train_size=0.7, test_data=None, preprocess=True, imputation_type=simple, iterative_imputation_iters=5, categorical_features=None, categorical_imputation=constant, categorical_iterative_imputer=lightgbm, ordinal_features=None, high_cardinality_features=None, high_cardinality_method=frequency, numeric_features=None, numeric_imputation=mean, numeric_iterative_imputer=lightgbm, date_features=None, ignore_features=None, normalize=False, normalize_method=zscore, transformation=False, transformation_method=yeo-johnson, handle_unknown_categorical=True, unknown_categorical_method=least_frequent, pca=False, pca_method=linear, pca_components=None, ignore_low_variance=False, combine_rare_levels=False, rare_level_threshold=0.1, bin_numeric_features=None, remove_outliers=False, outliers_threshold=0.05, remove_multicollinearity=False, multicollinearity_threshold=0.9, remove_perfect_collinearity=True, create_clusters=False, cluster_iter=20, polynomial_features=False, polynomial_degree=2, trigonometry_features=False, polynomial_threshold=0.1, group_features=None, group_names=None, feature_selection=False, feature_selection_threshold=0.8, feature_selection_method=classic, feature_interaction=False, feature_ratio=False, interaction_threshold=0.01, fix_imbalance=False, fix_imbalance_method=None, transform_target=False, transform_target_method=box-cox, data_split_shuffle=True, data_split_stratify=False, fold_strategy=kfold, fold=10, fold_shuffle=False, fold_groups=None, n_jobs=-1, use_gpu=False, custom_pipeline=None, html=True, session_id=None, log_experiment=False, experiment_name=None, log_plots=False, log_profile=False, log_data=False, silent=False, verbose=True, profile=False, profile_kwargs=None, display=None)
2022-02-16 20:06:36,604:INFO:Checking environment
2022-02-16 20:06:36,604:INFO:python_version: 3.9.10
2022-02-16 20:06:36,605:INFO:python_build: ('main', 'Jan 15 2022 11:48:04')
2022-02-16 20:06:36,605:INFO:machine: x86_64
2022-02-16 20:06:36,605:INFO:platform: macOS-12.0.1-x86_64-i386-64bit
2022-02-16 20:06:36,606:WARNING:cannot find psutil installation. memory not traceable. Install psutil using pip to enable memory logging.
2022-02-16 20:06:36,606:INFO:Checking libraries
2022-02-16 20:06:36,606:INFO:pd==1.4.1
2022-02-16 20:06:36,607:INFO:numpy==1.19.5
2022-02-16 20:06:36,607:INFO:sklearn==1.0.2
2022-02-16 20:06:36,607:INFO:xgboost==1.5.2
2022-02-16 20:06:36,607:INFO:lightgbm==3.3.2
2022-02-16 20:06:36,607:INFO:catboost==1.0.4
2022-02-16 20:06:36,607:INFO:mlflow==1.23.1
2022-02-16 20:06:36,607:INFO:Checking Exceptions
2022-02-16 20:06:36,608:INFO:Declaring global variables
2022-02-16 20:06:36,608:INFO:USI: b7a7
2022-02-16 20:06:36,609:INFO:pycaret_globals: {'seed', '_internal_pipeline', 'gpu_param', 'logging_param', '_all_models_internal', 'fold_generator', 'fold_shuffle_param', '_gpu_n_jobs_param', 'fold_groups_param', 'y', 'stratify_param', 'iterative_imputation_iters_param', '_all_metrics', 'imputation_regressor', 'display_container', 'USI', '_all_models', 'n_jobs_param', 'target_param', 'transform_target_param', 'X', 'fix_imbalance_param', 'fix_imbalance_method_param', 'imputation_classifier', 'pycaret_globals', 'html_param', 'transform_target_method_param', '_available_plots', 'fold_param', 'log_plots_param', 'experiment__', '_ml_usecase', 'X_test', 'prep_pipe', 'data_before_preprocess', 'X_train', 'y_test', 'create_model_container', 'exp_name_log', 'master_model_container', 'y_train'}
2022-02-16 20:06:36,609:INFO:Preparing display monitor
2022-02-16 20:06:36,609:INFO:Preparing display monitor
2022-02-16 20:06:36,632:INFO:Importing libraries
2022-02-16 20:06:36,633:INFO:Copying data for preprocessing
2022-02-16 20:06:36,678:INFO:Declaring preprocessing parameters
2022-02-16 20:06:36,718:INFO:Creating preprocessing pipeline
2022-02-16 20:06:39,568:INFO:Preprocessing pipeline created successfully
2022-02-16 20:06:39,568:ERROR:(Process Exit): setup has been interupted with user command 'quit'. setup must rerun.
2022-02-16 20:06:39,568:INFO:Creating global containers
2022-02-16 20:07:59,821:INFO:PyCaret Supervised Module
2022-02-16 20:07:59,822:INFO:ML Usecase: regression
2022-02-16 20:07:59,822:INFO:version 2.2.2
2022-02-16 20:07:59,822:INFO:Initializing setup()
2022-02-16 20:07:59,823:INFO:setup(target=host_phenotype, ml_usecase=regression, available_plots={'parameter': 'Hyperparameters', 'residuals': 'Residuals', 'error': 'Prediction Error', 'cooks': 'Cooks Distance', 'rfe': 'Feature Selection', 'learning': 'Learning Curve', 'manifold': 'Manifold Learning', 'vc': 'Validation Curve', 'feature': 'Feature Importance', 'feature_all': 'Feature Importance (All)', 'tree': 'Decision Tree'}, train_size=0.7, test_data=None, preprocess=True, imputation_type=simple, iterative_imputation_iters=5, categorical_features=None, categorical_imputation=constant, categorical_iterative_imputer=lightgbm, ordinal_features=None, high_cardinality_features=None, high_cardinality_method=frequency, numeric_features=None, numeric_imputation=mean, numeric_iterative_imputer=lightgbm, date_features=None, ignore_features=None, normalize=False, normalize_method=zscore, transformation=False, transformation_method=yeo-johnson, handle_unknown_categorical=True, unknown_categorical_method=least_frequent, pca=False, pca_method=linear, pca_components=None, ignore_low_variance=False, combine_rare_levels=False, rare_level_threshold=0.1, bin_numeric_features=None, remove_outliers=False, outliers_threshold=0.05, remove_multicollinearity=False, multicollinearity_threshold=0.9, remove_perfect_collinearity=True, create_clusters=False, cluster_iter=20, polynomial_features=False, polynomial_degree=2, trigonometry_features=False, polynomial_threshold=0.1, group_features=None, group_names=None, feature_selection=False, feature_selection_threshold=0.8, feature_selection_method=classic, feature_interaction=False, feature_ratio=False, interaction_threshold=0.01, fix_imbalance=False, fix_imbalance_method=None, transform_target=False, transform_target_method=box-cox, data_split_shuffle=True, data_split_stratify=False, fold_strategy=kfold, fold=10, fold_shuffle=True, fold_groups=None, n_jobs=-1, use_gpu=False, custom_pipeline=None, html=True, session_id=2, log_experiment=False, experiment_name=None, log_plots=False, log_profile=False, log_data=False, silent=False, verbose=True, profile=False, profile_kwargs=None, display=None)
2022-02-16 20:07:59,823:INFO:Checking environment
2022-02-16 20:07:59,823:INFO:python_version: 3.9.10
2022-02-16 20:07:59,823:INFO:python_build: ('main', 'Jan 15 2022 11:48:04')
2022-02-16 20:07:59,823:INFO:machine: x86_64
2022-02-16 20:07:59,823:INFO:platform: macOS-12.0.1-x86_64-i386-64bit
2022-02-16 20:07:59,824:WARNING:cannot find psutil installation. memory not traceable. Install psutil using pip to enable memory logging.
2022-02-16 20:07:59,825:INFO:Checking libraries
2022-02-16 20:07:59,825:INFO:pd==1.4.1
2022-02-16 20:07:59,825:INFO:numpy==1.19.5
2022-02-16 20:07:59,825:INFO:sklearn==1.0.2
2022-02-16 20:07:59,825:INFO:xgboost==1.5.2
2022-02-16 20:07:59,826:INFO:lightgbm==3.3.2
2022-02-16 20:07:59,826:INFO:catboost==1.0.4
2022-02-16 20:07:59,826:INFO:mlflow==1.23.1
2022-02-16 20:07:59,826:INFO:Checking Exceptions
2022-02-16 20:07:59,827:INFO:Declaring global variables
2022-02-16 20:07:59,827:INFO:USI: 1239
2022-02-16 20:07:59,827:INFO:pycaret_globals: {'seed', '_internal_pipeline', 'gpu_param', 'logging_param', '_all_models_internal', 'fold_generator', 'fold_shuffle_param', '_gpu_n_jobs_param', 'fold_groups_param', 'y', 'stratify_param', 'iterative_imputation_iters_param', '_all_metrics', 'imputation_regressor', 'display_container', 'USI', '_all_models', 'n_jobs_param', 'target_param', 'transform_target_param', 'X', 'fix_imbalance_param', 'fix_imbalance_method_param', 'imputation_classifier', 'pycaret_globals', 'html_param', 'transform_target_method_param', '_available_plots', 'fold_param', 'log_plots_param', 'experiment__', '_ml_usecase', 'X_test', 'prep_pipe', 'data_before_preprocess', 'X_train', 'y_test', 'create_model_container', 'exp_name_log', 'master_model_container', 'y_train'}
2022-02-16 20:07:59,827:INFO:Preparing display monitor
2022-02-16 20:07:59,828:INFO:Preparing display monitor
2022-02-16 20:07:59,852:INFO:Importing libraries
2022-02-16 20:07:59,853:INFO:Copying data for preprocessing
2022-02-16 20:07:59,880:INFO:Declaring preprocessing parameters
2022-02-16 20:07:59,899:INFO:Creating preprocessing pipeline
2022-02-16 20:08:02,364:INFO:Preprocessing pipeline created successfully
2022-02-16 20:08:02,364:ERROR:(Process Exit): setup has been interupted with user command 'quit'. setup must rerun.
2022-02-16 20:08:02,364:INFO:Creating global containers
2022-02-16 20:08:02,367:INFO:Internal pipeline: Pipeline(memory=None, steps=[('empty_step', 'passthrough')], verbose=False)
2022-02-16 20:09:17,800:INFO:Creating grid variables
2022-02-16 20:09:17,859:INFO:create_model_container: 0
2022-02-16 20:09:17,859:INFO:master_model_container: 0
2022-02-16 20:09:17,859:INFO:display_container: 0
2022-02-16 20:11:10,407:INFO:PyCaret Supervised Module
2022-02-16 20:11:10,408:INFO:ML Usecase: regression
2022-02-16 20:11:10,408:INFO:version 2.2.2
2022-02-16 20:11:10,408:INFO:Initializing setup()
2022-02-16 20:11:10,408:INFO:setup(target=host_phenotype, ml_usecase=regression, available_plots={'parameter': 'Hyperparameters', 'residuals': 'Residuals', 'error': 'Prediction Error', 'cooks': 'Cooks Distance', 'rfe': 'Feature Selection', 'learning': 'Learning Curve', 'manifold': 'Manifold Learning', 'vc': 'Validation Curve', 'feature': 'Feature Importance', 'feature_all': 'Feature Importance (All)', 'tree': 'Decision Tree'}, train_size=0.7, test_data=None, preprocess=True, imputation_type=iterative, iterative_imputation_iters=5, categorical_features=None, categorical_imputation=constant, categorical_iterative_imputer=lightgbm, ordinal_features=None, high_cardinality_features=None, high_cardinality_method=frequency, numeric_features=None, numeric_imputation=mean, numeric_iterative_imputer=lightgbm, date_features=None, ignore_features=None, normalize=False, normalize_method=zscore, transformation=False, transformation_method=yeo-johnson, handle_unknown_categorical=True, unknown_categorical_method=least_frequent, pca=False, pca_method=linear, pca_components=None, ignore_low_variance=False, combine_rare_levels=False, rare_level_threshold=0.1, bin_numeric_features=None, remove_outliers=False, outliers_threshold=0.05, remove_multicollinearity=False, multicollinearity_threshold=0.9, remove_perfect_collinearity=True, create_clusters=False, cluster_iter=20, polynomial_features=False, polynomial_degree=2, trigonometry_features=False, polynomial_threshold=0.1, group_features=None, group_names=None, feature_selection=False, feature_selection_threshold=0.8, feature_selection_method=classic, feature_interaction=False, feature_ratio=False, interaction_threshold=0.01, fix_imbalance=False, fix_imbalance_method=None, transform_target=False, transform_target_method=box-cox, data_split_shuffle=True, data_split_stratify=False, fold_strategy=kfold, fold=10, fold_shuffle=True, fold_groups=None, n_jobs=-1, use_gpu=False, custom_pipeline=None, html=True, session_id=2, log_experiment=False, experiment_name=None, log_plots=False, log_profile=False, log_data=False, silent=False, verbose=True, profile=False, profile_kwargs=None, display=None)
2022-02-16 20:11:10,409:INFO:Checking environment
2022-02-16 20:11:10,409:INFO:python_version: 3.9.10
2022-02-16 20:11:10,409:INFO:python_build: ('main', 'Jan 15 2022 11:48:04')
2022-02-16 20:11:10,409:INFO:machine: x86_64
2022-02-16 20:11:10,409:INFO:platform: macOS-12.0.1-x86_64-i386-64bit
2022-02-16 20:11:10,415:WARNING:cannot find psutil installation. memory not traceable. Install psutil using pip to enable memory logging.
2022-02-16 20:11:10,415:INFO:Checking libraries
2022-02-16 20:11:10,416:INFO:pd==1.4.1
2022-02-16 20:11:10,416:INFO:numpy==1.19.5
2022-02-16 20:11:10,416:INFO:sklearn==1.0.2
2022-02-16 20:11:10,416:INFO:xgboost==1.5.2
2022-02-16 20:11:10,416:INFO:lightgbm==3.3.2
2022-02-16 20:11:10,417:INFO:catboost==1.0.4
2022-02-16 20:11:10,417:INFO:mlflow==1.23.1
2022-02-16 20:11:10,417:INFO:Checking Exceptions
2022-02-16 20:11:10,419:INFO:Declaring global variables
2022-02-16 20:11:10,420:INFO:USI: 9c4e
2022-02-16 20:11:10,420:INFO:pycaret_globals: {'seed', '_internal_pipeline', 'gpu_param', 'logging_param', '_all_models_internal', 'fold_generator', 'fold_shuffle_param', '_gpu_n_jobs_param', 'fold_groups_param', 'y', 'stratify_param', 'iterative_imputation_iters_param', '_all_metrics', 'imputation_regressor', 'display_container', 'USI', '_all_models', 'n_jobs_param', 'target_param', 'transform_target_param', 'X', 'fix_imbalance_param', 'fix_imbalance_method_param', 'imputation_classifier', 'pycaret_globals', 'html_param', 'transform_target_method_param', '_available_plots', 'fold_param', 'log_plots_param', 'experiment__', '_ml_usecase', 'X_test', 'prep_pipe', 'data_before_preprocess', 'X_train', 'y_test', 'create_model_container', 'exp_name_log', 'master_model_container', 'y_train'}
2022-02-16 20:11:10,420:INFO:Preparing display monitor
2022-02-16 20:11:10,420:INFO:Preparing display monitor
2022-02-16 20:11:10,456:INFO:Importing libraries
2022-02-16 20:11:10,457:INFO:Copying data for preprocessing
2022-02-16 20:11:10,504:INFO:Declaring preprocessing parameters
2022-02-16 20:11:10,586:INFO:Setting up iterative imputation
2022-02-16 20:11:11,564:INFO:Creating preprocessing pipeline
2022-02-16 20:11:13,997:INFO:Preprocessing pipeline created successfully
2022-02-16 20:11:13,997:ERROR:(Process Exit): setup has been interupted with user command 'quit'. setup must rerun.
2022-02-16 20:11:13,998:INFO:Creating global containers
2022-02-16 20:11:13,998:INFO:Internal pipeline: Pipeline(memory=None, steps=[('empty_step', 'passthrough')], verbose=False)
2022-02-16 20:12:26,166:INFO:Creating grid variables
2022-02-16 20:12:26,225:INFO:create_model_container: 0
2022-02-16 20:12:26,225:INFO:master_model_container: 0
2022-02-16 20:12:26,225:INFO:display_container: 0
2022-02-16 20:15:01,789:INFO:PyCaret Supervised Module
2022-02-16 20:15:01,790:INFO:ML Usecase: regression
2022-02-16 20:15:01,791:INFO:version 2.2.2
2022-02-16 20:15:01,791:INFO:Initializing setup()
2022-02-16 20:15:01,791:INFO:setup(target=host_phenotype, ml_usecase=regression, available_plots={'parameter': 'Hyperparameters', 'residuals': 'Residuals', 'error': 'Prediction Error', 'cooks': 'Cooks Distance', 'rfe': 'Feature Selection', 'learning': 'Learning Curve', 'manifold': 'Manifold Learning', 'vc': 'Validation Curve', 'feature': 'Feature Importance', 'feature_all': 'Feature Importance (All)', 'tree': 'Decision Tree'}, train_size=0.7, test_data=None, preprocess=True, imputation_type=simple, iterative_imputation_iters=5, categorical_features=None, categorical_imputation=constant, categorical_iterative_imputer=lightgbm, ordinal_features=None, high_cardinality_features=None, high_cardinality_method=frequency, numeric_features=None, numeric_imputation=mean, numeric_iterative_imputer=lightgbm, date_features=None, ignore_features=None, normalize=False, normalize_method=zscore, transformation=False, transformation_method=yeo-johnson, handle_unknown_categorical=True, unknown_categorical_method=least_frequent, pca=False, pca_method=linear, pca_components=None, ignore_low_variance=False, combine_rare_levels=False, rare_level_threshold=0.1, bin_numeric_features=None, remove_outliers=False, outliers_threshold=0.05, remove_multicollinearity=True, multicollinearity_threshold=0.95, remove_perfect_collinearity=True, create_clusters=False, cluster_iter=20, polynomial_features=False, polynomial_degree=2, trigonometry_features=False, polynomial_threshold=0.1, group_features=None, group_names=None, feature_selection=False, feature_selection_threshold=0.8, feature_selection_method=classic, feature_interaction=False, feature_ratio=False, interaction_threshold=0.01, fix_imbalance=False, fix_imbalance_method=None, transform_target=False, transform_target_method=box-cox, data_split_shuffle=True, data_split_stratify=False, fold_strategy=kfold, fold=10, fold_shuffle=False, fold_groups=None, n_jobs=-1, use_gpu=False, custom_pipeline=None, html=True, session_id=123, log_experiment=False, experiment_name=None, log_plots=False, log_profile=False, log_data=False, silent=False, verbose=True, profile=False, profile_kwargs=None, display=None)
2022-02-16 20:15:01,791:INFO:Checking environment
2022-02-16 20:15:01,792:INFO:python_version: 3.9.10
2022-02-16 20:15:01,792:INFO:python_build: ('main', 'Jan 15 2022 11:48:04')
2022-02-16 20:15:01,792:INFO:machine: x86_64
2022-02-16 20:15:01,792:INFO:platform: macOS-12.0.1-x86_64-i386-64bit
2022-02-16 20:15:01,794:WARNING:cannot find psutil installation. memory not traceable. Install psutil using pip to enable memory logging.
2022-02-16 20:15:01,795:INFO:Checking libraries
2022-02-16 20:15:01,795:INFO:pd==1.4.1
2022-02-16 20:15:01,795:INFO:numpy==1.19.5
2022-02-16 20:15:01,795:INFO:sklearn==1.0.2
2022-02-16 20:15:01,795:INFO:xgboost==1.5.2
2022-02-16 20:15:01,795:INFO:lightgbm==3.3.2
2022-02-16 20:15:01,796:INFO:catboost==1.0.4
2022-02-16 20:15:01,796:INFO:mlflow==1.23.1
2022-02-16 20:15:01,796:INFO:Checking Exceptions
2022-02-16 20:15:01,798:INFO:Declaring global variables
2022-02-16 20:15:01,798:INFO:USI: f65e
2022-02-16 20:15:01,798:INFO:pycaret_globals: {'seed', '_internal_pipeline', 'gpu_param', 'logging_param', '_all_models_internal', 'fold_generator', 'fold_shuffle_param', '_gpu_n_jobs_param', 'fold_groups_param', 'y', 'stratify_param', 'iterative_imputation_iters_param', '_all_metrics', 'imputation_regressor', 'display_container', 'USI', '_all_models', 'n_jobs_param', 'target_param', 'transform_target_param', 'X', 'fix_imbalance_param', 'fix_imbalance_method_param', 'imputation_classifier', 'pycaret_globals', 'html_param', 'transform_target_method_param', '_available_plots', 'fold_param', 'log_plots_param', 'experiment__', '_ml_usecase', 'X_test', 'prep_pipe', 'data_before_preprocess', 'X_train', 'y_test', 'create_model_container', 'exp_name_log', 'master_model_container', 'y_train'}
2022-02-16 20:15:01,799:INFO:Preparing display monitor
2022-02-16 20:15:01,799:INFO:Preparing display monitor
2022-02-16 20:15:01,834:INFO:Importing libraries
2022-02-16 20:15:01,835:INFO:Copying data for preprocessing
2022-02-16 20:15:01,880:INFO:Declaring preprocessing parameters
2022-02-16 20:15:01,955:INFO:Creating preprocessing pipeline
2022-02-16 20:15:04,456:INFO:Preprocessing pipeline created successfully
2022-02-16 20:15:04,456:ERROR:(Process Exit): setup has been interupted with user command 'quit'. setup must rerun.
2022-02-16 20:15:04,457:INFO:Creating global containers
2022-02-16 20:15:35,346:INFO:PyCaret Supervised Module
2022-02-16 20:15:35,347:INFO:ML Usecase: regression
2022-02-16 20:15:35,347:INFO:version 2.2.2
2022-02-16 20:15:35,347:INFO:Initializing setup()
2022-02-16 20:15:35,348:INFO:setup(target=host_phenotype, ml_usecase=regression, available_plots={'parameter': 'Hyperparameters', 'residuals': 'Residuals', 'error': 'Prediction Error', 'cooks': 'Cooks Distance', 'rfe': 'Feature Selection', 'learning': 'Learning Curve', 'manifold': 'Manifold Learning', 'vc': 'Validation Curve', 'feature': 'Feature Importance', 'feature_all': 'Feature Importance (All)', 'tree': 'Decision Tree'}, train_size=0.7, test_data=None, preprocess=True, imputation_type=simple, iterative_imputation_iters=5, categorical_features=None, categorical_imputation=constant, categorical_iterative_imputer=lightgbm, ordinal_features=None, high_cardinality_features=None, high_cardinality_method=frequency, numeric_features=None, numeric_imputation=mean, numeric_iterative_imputer=lightgbm, date_features=None, ignore_features=None, normalize=False, normalize_method=zscore, transformation=False, transformation_method=yeo-johnson, handle_unknown_categorical=True, unknown_categorical_method=least_frequent, pca=False, pca_method=linear, pca_components=None, ignore_low_variance=False, combine_rare_levels=False, rare_level_threshold=0.1, bin_numeric_features=None, remove_outliers=False, outliers_threshold=0.05, remove_multicollinearity=True, multicollinearity_threshold=0.95, remove_perfect_collinearity=True, create_clusters=False, cluster_iter=20, polynomial_features=False, polynomial_degree=2, trigonometry_features=False, polynomial_threshold=0.1, group_features=None, group_names=None, feature_selection=False, feature_selection_threshold=0.8, feature_selection_method=classic, feature_interaction=False, feature_ratio=False, interaction_threshold=0.01, fix_imbalance=False, fix_imbalance_method=None, transform_target=False, transform_target_method=box-cox, data_split_shuffle=True, data_split_stratify=False, fold_strategy=kfold, fold=10, fold_shuffle=False, fold_groups=None, n_jobs=-1, use_gpu=False, custom_pipeline=None, html=True, session_id=123, log_experiment=False, experiment_name=None, log_plots=False, log_profile=False, log_data=False, silent=False, verbose=True, profile=False, profile_kwargs=None, display=None)
2022-02-16 20:15:35,348:INFO:Checking environment
2022-02-16 20:15:35,348:INFO:python_version: 3.9.10
2022-02-16 20:15:35,348:INFO:python_build: ('main', 'Jan 15 2022 11:48:04')
2022-02-16 20:15:35,348:INFO:machine: x86_64
2022-02-16 20:15:35,348:INFO:platform: macOS-12.0.1-x86_64-i386-64bit
2022-02-16 20:15:35,350:WARNING:cannot find psutil installation. memory not traceable. Install psutil using pip to enable memory logging.
2022-02-16 20:15:35,350:INFO:Checking libraries
2022-02-16 20:15:35,351:INFO:pd==1.4.1
2022-02-16 20:15:35,351:INFO:numpy==1.19.5
2022-02-16 20:15:35,351:INFO:sklearn==1.0.2
2022-02-16 20:15:35,351:INFO:xgboost==1.5.2
2022-02-16 20:15:35,352:INFO:lightgbm==3.3.2
2022-02-16 20:15:35,352:INFO:catboost==1.0.4
2022-02-16 20:15:35,352:INFO:mlflow==1.23.1
2022-02-16 20:15:35,352:INFO:Checking Exceptions
2022-02-16 20:15:35,353:INFO:Declaring global variables
2022-02-16 20:15:35,353:INFO:USI: 7422
2022-02-16 20:15:35,354:INFO:pycaret_globals: {'seed', '_internal_pipeline', 'gpu_param', 'logging_param', '_all_models_internal', 'fold_generator', 'fold_shuffle_param', '_gpu_n_jobs_param', 'fold_groups_param', 'y', 'stratify_param', 'iterative_imputation_iters_param', '_all_metrics', 'imputation_regressor', 'display_container', 'USI', '_all_models', 'n_jobs_param', 'target_param', 'transform_target_param', 'X', 'fix_imbalance_param', 'fix_imbalance_method_param', 'imputation_classifier', 'pycaret_globals', 'html_param', 'transform_target_method_param', '_available_plots', 'fold_param', 'log_plots_param', 'experiment__', '_ml_usecase', 'X_test', 'prep_pipe', 'data_before_preprocess', 'X_train', 'y_test', 'create_model_container', 'exp_name_log', 'master_model_container', 'y_train'}
2022-02-16 20:15:35,354:INFO:Preparing display monitor
2022-02-16 20:15:35,354:INFO:Preparing display monitor
2022-02-16 20:15:35,379:INFO:Importing libraries
2022-02-16 20:15:35,379:INFO:Copying data for preprocessing
2022-02-16 20:15:35,430:INFO:Declaring preprocessing parameters
2022-02-16 20:15:35,476:INFO:Creating preprocessing pipeline
2022-02-16 20:15:38,010:INFO:Preprocessing pipeline created successfully
2022-02-16 20:15:38,010:ERROR:(Process Exit): setup has been interupted with user command 'quit'. setup must rerun.
2022-02-16 20:15:38,010:INFO:Creating global containers
2022-02-16 20:16:01,740:INFO:PyCaret Supervised Module
2022-02-16 20:16:01,741:INFO:ML Usecase: regression
2022-02-16 20:16:01,741:INFO:version 2.2.2
2022-02-16 20:16:01,741:INFO:Initializing setup()
2022-02-16 20:16:01,741:INFO:setup(target=host_phenotype, ml_usecase=regression, available_plots={'parameter': 'Hyperparameters', 'residuals': 'Residuals', 'error': 'Prediction Error', 'cooks': 'Cooks Distance', 'rfe': 'Feature Selection', 'learning': 'Learning Curve', 'manifold': 'Manifold Learning', 'vc': 'Validation Curve', 'feature': 'Feature Importance', 'feature_all': 'Feature Importance (All)', 'tree': 'Decision Tree'}, train_size=0.7, test_data=None, preprocess=True, imputation_type=simple, iterative_imputation_iters=5, categorical_features=None, categorical_imputation=constant, categorical_iterative_imputer=lightgbm, ordinal_features=None, high_cardinality_features=None, high_cardinality_method=frequency, numeric_features=None, numeric_imputation=mean, numeric_iterative_imputer=lightgbm, date_features=None, ignore_features=None, normalize=False, normalize_method=zscore, transformation=False, transformation_method=yeo-johnson, handle_unknown_categorical=True, unknown_categorical_method=least_frequent, pca=False, pca_method=linear, pca_components=None, ignore_low_variance=False, combine_rare_levels=False, rare_level_threshold=0.1, bin_numeric_features=None, remove_outliers=False, outliers_threshold=0.05, remove_multicollinearity=True, multicollinearity_threshold=0.95, remove_perfect_collinearity=True, create_clusters=False, cluster_iter=20, polynomial_features=False, polynomial_degree=2, trigonometry_features=False, polynomial_threshold=0.1, group_features=None, group_names=None, feature_selection=False, feature_selection_threshold=0.8, feature_selection_method=classic, feature_interaction=False, feature_ratio=False, interaction_threshold=0.01, fix_imbalance=False, fix_imbalance_method=None, transform_target=False, transform_target_method=box-cox, data_split_shuffle=True, data_split_stratify=False, fold_strategy=kfold, fold=10, fold_shuffle=True, fold_groups=None, n_jobs=-1, use_gpu=False, custom_pipeline=None, html=True, session_id=123, log_experiment=False, experiment_name=None, log_plots=False, log_profile=False, log_data=False, silent=False, verbose=True, profile=False, profile_kwargs=None, display=None)
2022-02-16 20:16:01,742:INFO:Checking environment
2022-02-16 20:16:01,742:INFO:python_version: 3.9.10
2022-02-16 20:16:01,742:INFO:python_build: ('main', 'Jan 15 2022 11:48:04')
2022-02-16 20:16:01,742:INFO:machine: x86_64
2022-02-16 20:16:01,742:INFO:platform: macOS-12.0.1-x86_64-i386-64bit
2022-02-16 20:16:01,743:WARNING:cannot find psutil installation. memory not traceable. Install psutil using pip to enable memory logging.
2022-02-16 20:16:01,744:INFO:Checking libraries
2022-02-16 20:16:01,744:INFO:pd==1.4.1
2022-02-16 20:16:01,744:INFO:numpy==1.19.5
2022-02-16 20:16:01,744:INFO:sklearn==1.0.2
2022-02-16 20:16:01,744:INFO:xgboost==1.5.2
2022-02-16 20:16:01,744:INFO:lightgbm==3.3.2
2022-02-16 20:16:01,745:INFO:catboost==1.0.4
2022-02-16 20:16:01,745:INFO:mlflow==1.23.1
2022-02-16 20:16:01,745:INFO:Checking Exceptions
2022-02-16 20:16:01,746:INFO:Declaring global variables
2022-02-16 20:16:01,747:INFO:USI: c036
2022-02-16 20:16:01,747:INFO:pycaret_globals: {'seed', '_internal_pipeline', 'gpu_param', 'logging_param', '_all_models_internal', 'fold_generator', 'fold_shuffle_param', '_gpu_n_jobs_param', 'fold_groups_param', 'y', 'stratify_param', 'iterative_imputation_iters_param', '_all_metrics', 'imputation_regressor', 'display_container', 'USI', '_all_models', 'n_jobs_param', 'target_param', 'transform_target_param', 'X', 'fix_imbalance_param', 'fix_imbalance_method_param', 'imputation_classifier', 'pycaret_globals', 'html_param', 'transform_target_method_param', '_available_plots', 'fold_param', 'log_plots_param', 'experiment__', '_ml_usecase', 'X_test', 'prep_pipe', 'data_before_preprocess', 'X_train', 'y_test', 'create_model_container', 'exp_name_log', 'master_model_container', 'y_train'}
2022-02-16 20:16:01,747:INFO:Preparing display monitor
2022-02-16 20:16:01,747:INFO:Preparing display monitor
2022-02-16 20:16:01,771:INFO:Importing libraries
2022-02-16 20:16:01,772:INFO:Copying data for preprocessing
2022-02-16 20:16:01,818:INFO:Declaring preprocessing parameters
2022-02-16 20:16:01,863:INFO:Creating preprocessing pipeline
2022-02-16 20:16:05,193:INFO:Preprocessing pipeline created successfully
2022-02-16 20:16:05,194:ERROR:(Process Exit): setup has been interupted with user command 'quit'. setup must rerun.
2022-02-16 20:16:05,194:INFO:Creating global containers
2022-02-16 20:16:05,195:INFO:Internal pipeline: Pipeline(memory=None, steps=[('empty_step', 'passthrough')], verbose=False)
2022-02-16 20:19:08,486:INFO:Creating grid variables
2022-02-16 20:19:08,544:INFO:create_model_container: 0
2022-02-16 20:19:08,544:INFO:master_model_container: 0
2022-02-16 20:19:08,545:INFO:display_container: 0
2022-02-16 20:28:50,506:INFO:PyCaret Supervised Module
2022-02-16 20:28:50,507:INFO:ML Usecase: classification
2022-02-16 20:28:50,508:INFO:version 2.2.2
2022-02-16 20:28:50,508:INFO:Initializing setup()
2022-02-16 20:28:50,508:INFO:setup(target=host_phenotype, ml_usecase=classification, available_plots={'parameter': 'Hyperparameters', 'auc': 'AUC', 'confusion_matrix': 'Confusion Matrix', 'threshold': 'Threshold', 'pr': 'Precision Recall', 'error': 'Prediction Error', 'class_report': 'Class Report', 'rfe': 'Feature Selection', 'learning': 'Learning Curve', 'manifold': 'Manifold Learning', 'calibration': 'Calibration Curve', 'vc': 'Validation Curve', 'dimension': 'Dimensions', 'feature': 'Feature Importance', 'feature_all': 'Feature Importance (All)', 'boundary': 'Decision Boundary', 'lift': 'Lift Chart', 'gain': 'Gain Chart', 'tree': 'Decision Tree'}, train_size=0.7, test_data=None, preprocess=True, imputation_type=simple, iterative_imputation_iters=5, categorical_features=None, categorical_imputation=constant, categorical_iterative_imputer=lightgbm, ordinal_features=None, high_cardinality_features=None, high_cardinality_method=frequency, numeric_features=None, numeric_imputation=mean, numeric_iterative_imputer=lightgbm, date_features=None, ignore_features=None, normalize=False, normalize_method=zscore, transformation=False, transformation_method=yeo-johnson, handle_unknown_categorical=True, unknown_categorical_method=least_frequent, pca=False, pca_method=linear, pca_components=None, ignore_low_variance=False, combine_rare_levels=False, rare_level_threshold=0.1, bin_numeric_features=None, remove_outliers=False, outliers_threshold=0.05, remove_multicollinearity=False, multicollinearity_threshold=0.9, remove_perfect_collinearity=True, create_clusters=False, cluster_iter=20, polynomial_features=False, polynomial_degree=2, trigonometry_features=False, polynomial_threshold=0.1, group_features=None, group_names=None, feature_selection=False, feature_selection_threshold=0.8, feature_selection_method=classic, feature_interaction=False, feature_ratio=False, interaction_threshold=0.01, fix_imbalance=False, fix_imbalance_method=None, transform_target=False, transform_target_method=box-cox, data_split_shuffle=True, data_split_stratify=False, fold_strategy=stratifiedkfold, fold=10, fold_shuffle=True, fold_groups=None, n_jobs=-1, use_gpu=False, custom_pipeline=None, html=True, session_id=2, log_experiment=False, experiment_name=None, log_plots=False, log_profile=False, log_data=False, silent=False, verbose=True, profile=False, profile_kwargs=None, display=None)
2022-02-16 20:28:50,508:INFO:Checking environment
2022-02-16 20:28:50,509:INFO:python_version: 3.9.10
2022-02-16 20:28:50,509:INFO:python_build: ('main', 'Jan 15 2022 11:48:04')
2022-02-16 20:28:50,509:INFO:machine: x86_64
2022-02-16 20:28:50,560:INFO:platform: macOS-12.0.1-x86_64-i386-64bit
2022-02-16 20:28:50,567:WARNING:cannot find psutil installation. memory not traceable. Install psutil using pip to enable memory logging.
2022-02-16 20:28:50,567:INFO:Checking libraries
2022-02-16 20:28:50,568:INFO:pd==1.4.1
2022-02-16 20:28:50,568:INFO:numpy==1.19.5
2022-02-16 20:28:50,568:INFO:sklearn==1.0.2
2022-02-16 20:28:50,862:INFO:xgboost==1.5.2
2022-02-16 20:28:50,862:INFO:lightgbm==3.3.2
2022-02-16 20:28:50,928:INFO:catboost==1.0.4
2022-02-16 20:28:52,159:INFO:mlflow==1.23.1
2022-02-16 20:28:52,159:INFO:Checking Exceptions
2022-02-16 20:28:52,161:INFO:Declaring global variables
2022-02-16 20:28:52,161:INFO:USI: 5074
2022-02-16 20:28:52,161:INFO:pycaret_globals: {'X_test', 'logging_param', 'fix_imbalance_method_param', 'master_model_container', 'iterative_imputation_iters_param', 'fold_generator', '_all_models', 'X_train', 'y_train', 'USI', 'exp_name_log', 'html_param', 'transform_target_method_param', 'fold_groups_param', 'X', 'transform_target_param', 'y', 'display_container', 'imputation_classifier', 'data_before_preprocess', 'fold_param', '_available_plots', 'fix_imbalance_param', 'fold_shuffle_param', 'target_param', 'log_plots_param', 'seed', '_all_metrics', 'stratify_param', 'pycaret_globals', 'imputation_regressor', 'n_jobs_param', 'prep_pipe', 'gpu_param', '_internal_pipeline', '_gpu_n_jobs_param', 'create_model_container', 'y_test', 'experiment__', '_ml_usecase', '_all_models_internal'}
2022-02-16 20:28:52,161:INFO:Preparing display monitor
2022-02-16 20:28:52,162:INFO:Preparing display monitor
2022-02-16 20:28:52,190:INFO:Importing libraries
2022-02-16 20:28:52,191:INFO:Copying data for preprocessing
2022-02-16 20:28:52,240:INFO:Declaring preprocessing parameters
2022-02-16 20:28:52,308:INFO:Creating preprocessing pipeline
2022-02-16 20:28:54,726:INFO:Preprocessing pipeline created successfully
2022-02-16 20:28:54,727:ERROR:(Process Exit): setup has been interupted with user command 'quit'. setup must rerun.
2022-02-16 20:28:54,727:INFO:Creating global containers
2022-02-16 20:28:54,731:INFO:Internal pipeline: Pipeline(memory=None, steps=[('empty_step', 'passthrough')], verbose=False)
2022-02-16 20:30:10,086:INFO:Creating grid variables
2022-02-16 20:30:10,146:INFO:create_model_container: 0
2022-02-16 20:30:10,146:INFO:master_model_container: 0
2022-02-16 20:30:10,146:INFO:display_container: 0
